{"/Users/ricardotassio/DEV/ESTUDO/clean-node-api/src/presentation/controllers/signup.ts": {"path":"/Users/ricardotassio/DEV/ESTUDO/clean-node-api/src/presentation/controllers/signup.ts","all":false,"statementMap":{"0":{"start":{"line":1,"column":0},"end":{"line":1,"column":66}},"1":{"start":{"line":2,"column":0},"end":{"line":2,"column":31}},"2":{"start":{"line":3,"column":0},"end":{"line":3,"column":51}},"3":{"start":{"line":4,"column":0},"end":{"line":4,"column":35}},"4":{"start":{"line":5,"column":0},"end":{"line":5,"column":14}},"5":{"start":{"line":6,"column":0},"end":{"line":6,"column":24}},"6":{"start":{"line":7,"column":0},"end":{"line":7,"column":46}},"7":{"start":{"line":8,"column":0},"end":{"line":8,"column":7}},"8":{"start":{"line":9,"column":0},"end":{"line":9,"column":5}},"9":{"start":{"line":10,"column":0},"end":{"line":10,"column":36}},"10":{"start":{"line":11,"column":0},"end":{"line":11,"column":14}},"11":{"start":{"line":12,"column":0},"end":{"line":12,"column":24}},"12":{"start":{"line":13,"column":0},"end":{"line":13,"column":47}},"13":{"start":{"line":14,"column":0},"end":{"line":14,"column":7}},"14":{"start":{"line":15,"column":0},"end":{"line":15,"column":5}},"15":{"start":{"line":16,"column":0},"end":{"line":16,"column":12}},"16":{"start":{"line":17,"column":0},"end":{"line":17,"column":22}},"17":{"start":{"line":18,"column":0},"end":{"line":18,"column":14}},"18":{"start":{"line":19,"column":0},"end":{"line":19,"column":5}},"19":{"start":{"line":20,"column":0},"end":{"line":20,"column":3}},"20":{"start":{"line":21,"column":0},"end":{"line":21,"column":1}}},"s":{"0":1,"1":1,"2":1,"3":2,"4":1,"5":1,"6":1,"7":1,"8":1,"9":2,"10":1,"11":1,"12":1,"13":1,"14":1,"15":0,"16":0,"17":0,"18":0,"19":0,"20":1},"branchMap":{"0":{"type":"branch","line":3,"loc":{"start":{"line":3,"column":2},"end":{"line":20,"column":3}},"locations":[{"start":{"line":3,"column":2},"end":{"line":20,"column":3}}]},"1":{"type":"branch","line":4,"loc":{"start":{"line":4,"column":20},"end":{"line":4,"column":22}},"locations":[{"start":{"line":4,"column":20},"end":{"line":4,"column":22}}]},"2":{"type":"branch","line":4,"loc":{"start":{"line":4,"column":26},"end":{"line":4,"column":28}},"locations":[{"start":{"line":4,"column":26},"end":{"line":4,"column":28}}]},"3":{"type":"branch","line":4,"loc":{"start":{"line":4,"column":34},"end":{"line":10,"column":22}},"locations":[{"start":{"line":4,"column":34},"end":{"line":10,"column":22}}]},"4":{"type":"branch","line":10,"loc":{"start":{"line":10,"column":20},"end":{"line":10,"column":22}},"locations":[{"start":{"line":10,"column":20},"end":{"line":10,"column":22}}]},"5":{"type":"branch","line":10,"loc":{"start":{"line":10,"column":20},"end":{"line":10,"column":26}},"locations":[{"start":{"line":10,"column":20},"end":{"line":10,"column":26}}]},"6":{"type":"branch","line":10,"loc":{"start":{"line":10,"column":26},"end":{"line":10,"column":28}},"locations":[{"start":{"line":10,"column":26},"end":{"line":10,"column":28}}]},"7":{"type":"branch","line":10,"loc":{"start":{"line":10,"column":26},"end":{"line":10,"column":28}},"locations":[{"start":{"line":10,"column":26},"end":{"line":10,"column":28}}]},"8":{"type":"branch","line":10,"loc":{"start":{"line":10,"column":26},"end":{"line":10,"column":33}},"locations":[{"start":{"line":10,"column":26},"end":{"line":10,"column":33}}]},"9":{"type":"branch","line":10,"loc":{"start":{"line":10,"column":35},"end":{"line":15,"column":5}},"locations":[{"start":{"line":10,"column":35},"end":{"line":15,"column":5}}]},"10":{"type":"branch","line":16,"loc":{"start":{"line":16,"column":-1},"end":{"line":20,"column":3}},"locations":[{"start":{"line":16,"column":-1},"end":{"line":20,"column":3}}]}},"b":{"0":[2],"1":[0],"2":[0],"3":[1],"4":[0],"5":[1],"6":[1],"7":[0],"8":[1],"9":[1],"10":[0]},"fnMap":{"0":{"name":"handle","decl":{"start":{"line":3,"column":2},"end":{"line":20,"column":3}},"loc":{"start":{"line":3,"column":2},"end":{"line":20,"column":3}},"line":3}},"f":{"0":2}}
,"/Users/ricardotassio/DEV/ESTUDO/clean-node-api/src/presentation/errors/missing-param-error.ts": {"path":"/Users/ricardotassio/DEV/ESTUDO/clean-node-api/src/presentation/errors/missing-param-error.ts","all":false,"statementMap":{"0":{"start":{"line":1,"column":0},"end":{"line":1,"column":46}},"1":{"start":{"line":2,"column":0},"end":{"line":2,"column":35}},"2":{"start":{"line":3,"column":0},"end":{"line":3,"column":40}},"3":{"start":{"line":4,"column":0},"end":{"line":4,"column":35}},"4":{"start":{"line":5,"column":0},"end":{"line":5,"column":3}},"5":{"start":{"line":6,"column":0},"end":{"line":6,"column":1}}},"s":{"0":1,"1":1,"2":2,"3":2,"4":2,"5":1},"branchMap":{"0":{"type":"branch","line":2,"loc":{"start":{"line":2,"column":2},"end":{"line":5,"column":3}},"locations":[{"start":{"line":2,"column":2},"end":{"line":5,"column":3}}]}},"b":{"0":[2]},"fnMap":{"0":{"name":"MissingParamError","decl":{"start":{"line":2,"column":2},"end":{"line":5,"column":3}},"loc":{"start":{"line":2,"column":2},"end":{"line":5,"column":3}},"line":2}},"f":{"0":2}}
}
