TN:
SF:src/presentation/controllers/signup.ts
FN:11,SignUpController
FN:15,handle
FNF:2
FNH:2
FNDA:6,SignUpController
FNDA:6,handle
DA:1,1
DA:2,1
DA:3,1
DA:4,1
DA:5,1
DA:6,1
DA:7,1
DA:8,1
DA:9,1
DA:10,1
DA:11,1
DA:12,6
DA:13,6
DA:14,1
DA:15,1
DA:16,6
DA:17,0
DA:18,0
DA:19,6
DA:20,6
DA:21,6
DA:22,6
DA:23,18
DA:24,4
DA:25,4
DA:26,18
DA:27,2
DA:28,6
DA:29,1
DA:30,1
DA:31,1
DA:32,1
DA:33,1
DA:34,1
DA:35,1
DA:36,1
DA:37,1
LF:37
LH:35
BRDA:11,0,0,6
BRDA:15,1,0,6
BRDA:16,2,0,0
BRDA:22,3,0,18
BRDA:23,4,0,4
BRDA:27,5,0,2
BRDA:28,6,0,1
BRF:7
BRH:6
end_of_record
TN:
SF:src/presentation/errors/invalid-param-error.ts
FN:2,InvalidParamError
FNF:1
FNH:1
FNDA:2,InvalidParamError
DA:1,1
DA:2,1
DA:3,2
DA:4,2
DA:5,2
DA:6,1
LF:6
LH:6
BRDA:2,0,0,2
BRF:1
BRH:1
end_of_record
TN:
SF:src/presentation/errors/missing-param-error.ts
FN:2,MissingParamError
FNF:1
FNH:1
FNDA:8,MissingParamError
DA:1,1
DA:2,1
DA:3,8
DA:4,8
DA:5,8
DA:6,1
LF:6
LH:6
BRDA:2,0,0,8
BRF:1
BRH:1
end_of_record
