TN:
SF:src/presentation/controllers/signup.ts
FN:3,handle
FNF:1
FNH:1
FNDA:2,handle
DA:1,1
DA:2,1
DA:3,1
DA:4,2
DA:5,1
DA:6,1
DA:7,1
DA:8,1
DA:9,1
DA:10,2
DA:11,1
DA:12,1
DA:13,1
DA:14,1
DA:15,1
DA:16,0
DA:17,0
DA:18,0
DA:19,0
DA:20,0
DA:21,1
LF:21
LH:16
BRDA:3,0,0,2
BRDA:4,1,0,0
BRDA:4,2,0,0
BRDA:4,3,0,1
BRDA:10,4,0,0
BRDA:10,5,0,1
BRDA:10,6,0,1
BRDA:10,7,0,0
BRDA:10,8,0,1
BRDA:10,9,0,1
BRDA:16,10,0,0
BRF:11
BRH:6
end_of_record
TN:
SF:src/presentation/errors/missing-param-error.ts
FN:2,MissingParamError
FNF:1
FNH:1
FNDA:2,MissingParamError
DA:1,1
DA:2,1
DA:3,2
DA:4,2
DA:5,2
DA:6,1
LF:6
LH:6
BRDA:2,0,0,2
BRF:1
BRH:1
end_of_record
